<?xml version="1.0" encoding="UTF-8"?>
<!-- Generated by org.testng.reporters.JUnitXMLReporter -->
<testsuite ignored="0" hostname="MAA-5CG1033RVY" failures="0" tests="5" name="Default test" time="100.836" errors="0" timestamp="2023-10-04T06:54:42 IST">
  <testcase classname="TestCase.Ecommerce_Amazon" name="InvalidAmazonLogin" time="18.688"/>
  <testcase classname="TestCase.Ecommerce_Amazon" name="AppleLaptop" time="21.535"/>
  <testcase classname="TestCase.Ecommerce_Amazon" name="LenovoLaptop" time="10.58"/>
  <testcase classname="TestCase.Ecommerce_Amazon" name="HpLaptop" time="26.048"/>
  <testcase classname="TestCase.Ecommerce_Amazon" name="DellLaptop" time="11.212"/>
</testsuite> <!-- Default test -->
